Using pre-set license
Built from '2021.3/staging' branch; Version is '2021.3.29f1 (204d6dc9ae1c) revision 2116973'; Using compiler version '192829333'; Build Type 'Release'
OS: 'Windows 11  (10.0.22631) 64bit Core' Language: 'es' Physical Memory: 32669 MB
BatchMode: 1, IsHumanControllingUs: 0, StartBugReporterOnCrash: 0, Is64bit: 1, IsPro: 1

COMMAND LINE ARGUMENTS:
C:\Program Files\Unity\Hub\Editor\2021.3.29f1\Editor\Unity.exe
-adb2
-batchMode
-noUpm
-name
AssetImportWorker2
-projectPath
C:/Users/Xonathan/Arcade-Towers
-logFile
Logs/AssetImportWorker2.log
-srvPort
51615
Successfully changed project path to: C:/Users/Xonathan/Arcade-Towers
C:/Users/Xonathan/Arcade-Towers
[UnityMemory] Configuration Parameters - Can be set up in boot.config
    "memorysetup-bucket-allocator-granularity=16"
    "memorysetup-bucket-allocator-bucket-count=8"
    "memorysetup-bucket-allocator-block-size=33554432"
    "memorysetup-bucket-allocator-block-count=8"
    "memorysetup-main-allocator-block-size=16777216"
    "memorysetup-thread-allocator-block-size=16777216"
    "memorysetup-gfx-main-allocator-block-size=16777216"
    "memorysetup-gfx-thread-allocator-block-size=16777216"
    "memorysetup-cache-allocator-block-size=4194304"
    "memorysetup-typetree-allocator-block-size=2097152"
    "memorysetup-profiler-bucket-allocator-granularity=16"
    "memorysetup-profiler-bucket-allocator-bucket-count=8"
    "memorysetup-profiler-bucket-allocator-block-size=33554432"
    "memorysetup-profiler-bucket-allocator-block-count=8"
    "memorysetup-profiler-allocator-block-size=16777216"
    "memorysetup-profiler-editor-allocator-block-size=1048576"
    "memorysetup-temp-allocator-size-main=16777216"
    "memorysetup-job-temp-allocator-block-size=2097152"
    "memorysetup-job-temp-allocator-block-size-background=1048576"
    "memorysetup-job-temp-allocator-reduction-small-platforms=262144"
    "memorysetup-temp-allocator-size-background-worker=32768"
    "memorysetup-temp-allocator-size-job-worker=262144"
    "memorysetup-temp-allocator-size-preload-manager=33554432"
    "memorysetup-temp-allocator-size-nav-mesh-worker=65536"
    "memorysetup-temp-allocator-size-audio-worker=65536"
    "memorysetup-temp-allocator-size-cloud-worker=32768"
    "memorysetup-temp-allocator-size-gi-baking-worker=262144"
    "memorysetup-temp-allocator-size-gfx=262144"
Player connection [18900] Host "[IP] 192.168.1.17 [Port] 0 [Flags] 2 [Guid] 2121990639 [EditorId] 2121990639 [Version] 1048832 [Id] WindowsEditor(7,DESKTOP-NTA04CG) [Debug] 1 [PackageName] WindowsEditor [ProjectName] Editor" joined multi-casting on [225.0.0.222:54997]...

Player connection [18900] Host "[IP] 192.168.1.17 [Port] 0 [Flags] 2 [Guid] 2121990639 [EditorId] 2121990639 [Version] 1048832 [Id] WindowsEditor(7,DESKTOP-NTA04CG) [Debug] 1 [PackageName] WindowsEditor [ProjectName] Editor" joined alternative multi-casting on [225.0.0.222:34997]...

Refreshing native plugins compatible for Editor in 84.36 ms, found 3 plugins.
Preloading 0 native plugins for Editor in 0.00 ms.
Initialize engine version: 2021.3.29f1 (204d6dc9ae1c)
[Subsystems] Discovering subsystems at path C:/Program Files/Unity/Hub/Editor/2021.3.29f1/Editor/Data/Resources/UnitySubsystems
[Subsystems] Discovering subsystems at path C:/Users/Xonathan/Arcade-Towers/Assets
GfxDevice: creating device client; threaded=0; jobified=0
Direct3D:
    Version:  Direct3D 11.0 [level 11.1]
    Renderer: AMD Radeon RX 6700 XT (ID=0x73df)
    Vendor:   ATI
    VRAM:     12243 MB
    Driver:   31.0.24031.5001
Initialize mono
Mono path[0] = 'C:/Program Files/Unity/Hub/Editor/2021.3.29f1/Editor/Data/Managed'
Mono path[1] = 'C:/Program Files/Unity/Hub/Editor/2021.3.29f1/Editor/Data/MonoBleedingEdge/lib/mono/unityjit-win32'
Mono config path = 'C:/Program Files/Unity/Hub/Editor/2021.3.29f1/Editor/Data/MonoBleedingEdge/etc'
Using monoOptions --debugger-agent=transport=dt_socket,embedding=1,server=y,suspend=n,address=127.0.0.1:56496
Begin MonoManager ReloadAssembly
Registering precompiled unity dll's ...
Register platform support module: C:/Program Files/Unity/Hub/Editor/2021.3.29f1/Editor/Data/PlaybackEngines/WindowsStandaloneSupport/UnityEditor.WindowsStandalone.Extensions.dll
Registered in 0.007632 seconds.
Native extension for WindowsStandalone target not found
Refreshing native plugins compatible for Editor in 82.23 ms, found 3 plugins.
Preloading 0 native plugins for Editor in 0.00 ms.
Mono: successfully reloaded assembly
- Completed reload, in  0.694 seconds
Domain Reload Profiling:
	ReloadAssembly (695ms)
		BeginReloadAssembly (94ms)
			ExecutionOrderSort (0ms)
			DisableScriptedObjects (0ms)
			BackupInstance (0ms)
			ReleaseScriptingObjects (0ms)
			CreateAndSetChildDomain (1ms)
		EndReloadAssembly (490ms)
			LoadAssemblies (90ms)
			RebuildTransferFunctionScriptingTraits (0ms)
			SetupTypeCache (114ms)
			ReleaseScriptCaches (0ms)
			RebuildScriptCaches (31ms)
			SetupLoadedEditorAssemblies (288ms)
				LogAssemblyErrors (0ms)
				InitializePlatformSupportModulesInManaged (9ms)
				SetLoadedEditorAssemblies (0ms)
				RefreshPlugins (82ms)
				BeforeProcessingInitializeOnLoad (2ms)
				ProcessInitializeOnLoadAttributes (137ms)
				ProcessInitializeOnLoadMethodAttributes (57ms)
				AfterProcessingInitializeOnLoad (0ms)
				EditorAssembliesLoaded (0ms)
			ExecutionOrderSort2 (0ms)
			AwakeInstancesAfterBackupRestoration (0ms)
Platform modules already initialized, skipping
Registering precompiled user dll's ...
Registered in 0.006658 seconds.
Begin MonoManager ReloadAssembly
Symbol file LoadedFromMemory doesn't match image C:\Users\Xonathan\Arcade-Towers\Library\PackageCache\com.unity.visualscripting@1.8.0\Editor\VisualScripting.Core\Dependencies\YamlDotNet\Unity.VisualScripting.YamlDotNet.dll
Symbol file LoadedFromMemory doesn't match image C:\Users\Xonathan\Arcade-Towers\Library\PackageCache\com.unity.visualscripting@1.8.0\Editor\VisualScripting.Core\Dependencies\DotNetZip\Unity.VisualScripting.IonicZip.dll
Native extension for WindowsStandalone target not found
Refreshing native plugins compatible for Editor in 0.53 ms, found 3 plugins.
Preloading 0 native plugins for Editor in 0.00 ms.
Mono: successfully reloaded assembly
- Completed reload, in  1.083 seconds
Domain Reload Profiling:
	ReloadAssembly (1084ms)
		BeginReloadAssembly (132ms)
			ExecutionOrderSort (0ms)
			DisableScriptedObjects (8ms)
			BackupInstance (0ms)
			ReleaseScriptingObjects (0ms)
			CreateAndSetChildDomain (18ms)
		EndReloadAssembly (825ms)
			LoadAssemblies (99ms)
			RebuildTransferFunctionScriptingTraits (0ms)
			SetupTypeCache (274ms)
			ReleaseScriptCaches (1ms)
			RebuildScriptCaches (49ms)
			SetupLoadedEditorAssemblies (372ms)
				LogAssemblyErrors (0ms)
				InitializePlatformSupportModulesInManaged (6ms)
				SetLoadedEditorAssemblies (0ms)
				RefreshPlugins (1ms)
				BeforeProcessingInitializeOnLoad (87ms)
				ProcessInitializeOnLoadAttributes (242ms)
				ProcessInitializeOnLoadMethodAttributes (24ms)
				AfterProcessingInitializeOnLoad (12ms)
				EditorAssembliesLoaded (0ms)
			ExecutionOrderSort2 (0ms)
			AwakeInstancesAfterBackupRestoration (7ms)
Platform modules already initialized, skipping
========================================================================
Worker process is ready to serve import requests
Launched and connected shader compiler UnityShaderCompiler.exe after 0.05 seconds
Refreshing native plugins compatible for Editor in 0.49 ms, found 3 plugins.
Preloading 0 native plugins for Editor in 0.00 ms.
Unloading 3054 Unused Serialized files (Serialized files now loaded: 0)
Unloading 22 unused Assets / (46.4 KB). Loaded Objects now: 3516.
Memory consumption went from 107.7 MB to 107.7 MB.
Total: 3.234800 ms (FindLiveObjects: 0.291700 ms CreateObjectMapping: 0.075000 ms MarkObjects: 2.793900 ms  DeleteObjects: 0.073500 ms)

AssetImportParameters requested are different than current active one (requested -> active):
  custom:video-decoder-ogg-theora: a1e56fd34408186e4bbccfd4996cb3dc -> 
  custom:container-muxer-webm: aa71ff27fc2769a1b78a27578f13a17b -> 
  custom:container-demuxer-webm: 4f35f7cbe854078d1ac9338744f61a02 -> 
  custom:video-encoder-webm-vp8: eb34c28f22e8b96e1ab97ce403110664 -> 
  custom:video-codec-MediaFoundation-h265: 746d11721c4dcdbdad8f713fa42b33f4 -> 
  custom:CustomObjectIndexerAttribute: bc11b3a6c3213fcdd17b65e7da85e133 -> 
  custom:audio-encoder-webm-vorbis: bf7c407c2cedff20999df2af8eb42d56 -> 
  custom:framework-win-MediaFoundation: 216162199b28c13a410421893ffa2e32 -> 
  custom:container-demuxer-ogg: 62fdf1f143b41e24485cea50d1cbac27 -> 
  custom:video-decoder-webm-vp8: 9c59270c3fd7afecdb556c50c9e8de78 -> 
  custom:audio-decoder-ogg-vorbis: bf7c407c2cedff20999df2af8eb42d56 -> 
========================================================================
Received Import Request.
  Time since last request: 878370.864097 seconds.
  path: Assets/Objets/Torres/Queen Tower/Queen Tower Broken D.obj
  artifactKey: Guid(16043330acbc5d84cb45f6a4d24599d6) Importer(815301076,1909f56bfc062723c751e8b465ee728b)
Start importing Assets/Objets/Torres/Queen Tower/Queen Tower Broken D.obj using Guid(16043330acbc5d84cb45f6a4d24599d6) Importer(815301076,1909f56bfc062723c751e8b465ee728b)  -> (artifact id: 'b1acbcb3f0b0548fb25d86b6c9938c98') in 0.173082 seconds 
========================================================================
Received Prepare
Registering precompiled user dll's ...
Registered in 0.008209 seconds.
Begin MonoManager ReloadAssembly
Symbol file LoadedFromMemory doesn't match image C:\Users\Xonathan\Arcade-Towers\Library\PackageCache\com.unity.visualscripting@1.8.0\Editor\VisualScripting.Core\Dependencies\YamlDotNet\Unity.VisualScripting.YamlDotNet.dll
Symbol file LoadedFromMemory doesn't match image C:\Users\Xonathan\Arcade-Towers\Library\PackageCache\com.unity.visualscripting@1.8.0\Editor\VisualScripting.Core\Dependencies\DotNetZip\Unity.VisualScripting.IonicZip.dll
Native extension for WindowsStandalone target not found
Refreshing native plugins compatible for Editor in 0.55 ms, found 3 plugins.
Preloading 0 native plugins for Editor in 0.00 ms.
Mono: successfully reloaded assembly
- Completed reload, in  1.125 seconds
Domain Reload Profiling:
	ReloadAssembly (1126ms)
		BeginReloadAssembly (158ms)
			ExecutionOrderSort (0ms)
			DisableScriptedObjects (5ms)
			BackupInstance (0ms)
			ReleaseScriptingObjects (0ms)
			CreateAndSetChildDomain (36ms)
		EndReloadAssembly (850ms)
			LoadAssemblies (104ms)
			RebuildTransferFunctionScriptingTraits (0ms)
			SetupTypeCache (292ms)
			ReleaseScriptCaches (1ms)
			RebuildScriptCaches (47ms)
			SetupLoadedEditorAssemblies (368ms)
				LogAssemblyErrors (0ms)
				InitializePlatformSupportModulesInManaged (6ms)
				SetLoadedEditorAssemblies (1ms)
				RefreshPlugins (1ms)
				BeforeProcessingInitializeOnLoad (79ms)
				ProcessInitializeOnLoadAttributes (243ms)
				ProcessInitializeOnLoadMethodAttributes (25ms)
				AfterProcessingInitializeOnLoad (13ms)
				EditorAssembliesLoaded (0ms)
			ExecutionOrderSort2 (0ms)
			AwakeInstancesAfterBackupRestoration (9ms)
Platform modules already initialized, skipping
Refreshing native plugins compatible for Editor in 2.33 ms, found 3 plugins.
Preloading 0 native plugins for Editor in 0.00 ms.
Unloading 3047 Unused Serialized files (Serialized files now loaded: 0)
Unloading 15 unused Assets / (22.0 KB). Loaded Objects now: 3563.
Memory consumption went from 112.1 MB to 112.1 MB.
Total: 4.065000 ms (FindLiveObjects: 0.325600 ms CreateObjectMapping: 0.082700 ms MarkObjects: 3.626400 ms  DeleteObjects: 0.028900 ms)

AssetImportParameters requested are different than current active one (requested -> active):
  custom:video-decoder-ogg-theora: a1e56fd34408186e4bbccfd4996cb3dc -> 
  custom:container-muxer-webm: aa71ff27fc2769a1b78a27578f13a17b -> 
  custom:container-demuxer-webm: 4f35f7cbe854078d1ac9338744f61a02 -> 
  custom:video-encoder-webm-vp8: eb34c28f22e8b96e1ab97ce403110664 -> 
  custom:video-codec-MediaFoundation-h265: 746d11721c4dcdbdad8f713fa42b33f4 -> 
  custom:CustomObjectIndexerAttribute: bc11b3a6c3213fcdd17b65e7da85e133 -> 
  custom:audio-encoder-webm-vorbis: bf7c407c2cedff20999df2af8eb42d56 -> 
  custom:framework-win-MediaFoundation: 216162199b28c13a410421893ffa2e32 -> 
  custom:container-demuxer-ogg: 62fdf1f143b41e24485cea50d1cbac27 -> 
  custom:video-decoder-webm-vp8: 9c59270c3fd7afecdb556c50c9e8de78 -> 
  custom:audio-decoder-ogg-vorbis: bf7c407c2cedff20999df2af8eb42d56 -> 
========================================================================
Received Import Request.
  Time since last request: 321.826595 seconds.
  path: Assets/Scripts/Torre.cs
  artifactKey: Guid(c41aac5a04509a24fa5c911a481a52a0) Importer(815301076,1909f56bfc062723c751e8b465ee728b)
Start importing Assets/Scripts/Torre.cs using Guid(c41aac5a04509a24fa5c911a481a52a0) Importer(815301076,1909f56bfc062723c751e8b465ee728b)  -> (artifact id: '1f275f2decb1d04a9695ea93ef6b7150') in 0.015283 seconds 
========================================================================
Received Import Request.
  Time since last request: 0.617722 seconds.
  path: Assets/Scripts/PlayerController.cs
  artifactKey: Guid(bf81f3a6645980b4abf40eb7e868d639) Importer(815301076,1909f56bfc062723c751e8b465ee728b)
Start importing Assets/Scripts/PlayerController.cs using Guid(bf81f3a6645980b4abf40eb7e868d639) Importer(815301076,1909f56bfc062723c751e8b465ee728b)  -> (artifact id: 'f24c7a060c90042c035291fd7c3ac416') in 0.002424 seconds 
========================================================================
Received Import Request.
  Time since last request: 20.581942 seconds.
  path: Assets/Prefabs
  artifactKey: Guid(502d0af3bac8b294b81a507e29fe7a22) Importer(815301076,1909f56bfc062723c751e8b465ee728b)
Start importing Assets/Prefabs using Guid(502d0af3bac8b294b81a507e29fe7a22) Importer(815301076,1909f56bfc062723c751e8b465ee728b)  -> (artifact id: 'af3bfc62ff5a9abc10b56083dd44b49d') in 0.002487 seconds 
========================================================================
Received Import Request.
  Time since last request: 6.664873 seconds.
  path: Assets/Prefabs/Proyectil.prefab
  artifactKey: Guid(beb7ff973ec995446bbeb98d8ab8dfdc) Importer(815301076,1909f56bfc062723c751e8b465ee728b)
Start importing Assets/Prefabs/Proyectil.prefab using Guid(beb7ff973ec995446bbeb98d8ab8dfdc) Importer(815301076,1909f56bfc062723c751e8b465ee728b)  -> (artifact id: 'bdeafe4659900b102dd6d832af0287eb') in 0.028468 seconds 
========================================================================
Received Import Request.
  Time since last request: 8.003116 seconds.
  path: Assets/Prefabs/Proyectil.prefab
  artifactKey: Guid(beb7ff973ec995446bbeb98d8ab8dfdc) Importer(815301076,1909f56bfc062723c751e8b465ee728b)
Start importing Assets/Prefabs/Proyectil.prefab using Guid(beb7ff973ec995446bbeb98d8ab8dfdc) Importer(815301076,1909f56bfc062723c751e8b465ee728b)  -> (artifact id: '85fd5ebe98f8d986f4311fc5daf9a4b3') in 0.003844 seconds 
========================================================================
Received Import Request.
  Time since last request: 46.875350 seconds.
  path: Assets/Objets/Torres/Middle Tower/MiddleTower_E.png
  artifactKey: Guid(2a98a9f4246198e439c1ffc2da7e9430) Importer(815301076,1909f56bfc062723c751e8b465ee728b)
Start importing Assets/Objets/Torres/Middle Tower/MiddleTower_E.png using Guid(2a98a9f4246198e439c1ffc2da7e9430) Importer(815301076,1909f56bfc062723c751e8b465ee728b)  -> (artifact id: 'c456c3d08bf32342a50746133b0490b4') in 0.081690 seconds 
========================================================================
Received Import Request.
  Time since last request: 0.000021 seconds.
  path: Assets/Objets/Torres/Middle Tower/MiddleTower_T_NRM.png
  artifactKey: Guid(d2633db72f832b04c9d47506dc31c0c9) Importer(815301076,1909f56bfc062723c751e8b465ee728b)
Start importing Assets/Objets/Torres/Middle Tower/MiddleTower_T_NRM.png using Guid(d2633db72f832b04c9d47506dc31c0c9) Importer(815301076,1909f56bfc062723c751e8b465ee728b)  -> (artifact id: 'cded8d36d483b7a3f7c50b6734bebc6a') in 0.018360 seconds 
========================================================================
Received Import Request.
  Time since last request: 2.239770 seconds.
  path: Assets/Objets/Torres/Queen Tower/QJailBrickTiling_DM.png
  artifactKey: Guid(2d9cda60c473bdf46a5e799b7c400f5b) Importer(815301076,1909f56bfc062723c751e8b465ee728b)
Start importing Assets/Objets/Torres/Queen Tower/QJailBrickTiling_DM.png using Guid(2d9cda60c473bdf46a5e799b7c400f5b) Importer(815301076,1909f56bfc062723c751e8b465ee728b)  -> (artifact id: '080d1a0547fc15a2ea15592d41380ac0') in 0.018929 seconds 
========================================================================
Received Import Request.
  Time since last request: 0.000028 seconds.
  path: Assets/Objets/Torres/Queen Tower/QueenTower_StoneA_DM.png
  artifactKey: Guid(3e29df8d8fadb644fbcaf8b3b99cf525) Importer(815301076,1909f56bfc062723c751e8b465ee728b)
Start importing Assets/Objets/Torres/Queen Tower/QueenTower_StoneA_DM.png using Guid(3e29df8d8fadb644fbcaf8b3b99cf525) Importer(815301076,1909f56bfc062723c751e8b465ee728b)  -> (artifact id: '17716e787bcff36f1bcc37a94dbf30ff') in 0.016060 seconds 
========================================================================
Received Import Request.
  Time since last request: 0.000023 seconds.
  path: Assets/Objets/Torres/Queen Tower/QueenTower_StoneB_DMA.png
  artifactKey: Guid(d2ed0ff80b5397946ac8eaa34f970d1a) Importer(815301076,1909f56bfc062723c751e8b465ee728b)
Start importing Assets/Objets/Torres/Queen Tower/QueenTower_StoneB_DMA.png using Guid(d2ed0ff80b5397946ac8eaa34f970d1a) Importer(815301076,1909f56bfc062723c751e8b465ee728b)  -> (artifact id: '49d05b5e6995d678e1ebf4d1cec510f3') in 0.018547 seconds 
========================================================================
Received Import Request.
  Time since last request: 0.000025 seconds.
  path: Assets/Objets/Torres/Queen Tower/QJailBrickTiling_SM.png
  artifactKey: Guid(38dfd2ebac245d64891866ee59a22a03) Importer(815301076,1909f56bfc062723c751e8b465ee728b)
Start importing Assets/Objets/Torres/Queen Tower/QJailBrickTiling_SM.png using Guid(38dfd2ebac245d64891866ee59a22a03) Importer(815301076,1909f56bfc062723c751e8b465ee728b)  -> (artifact id: '9020f4e176dc09f0ab71975529ab878a') in 0.015687 seconds 
========================================================================
Received Import Request.
  Time since last request: 0.000023 seconds.
  path: Assets/Objets/Torres/Queen Tower/QueenTower_StoneB_SM.png
  artifactKey: Guid(eba947ae23bda944c82cb6a628020cc1) Importer(815301076,1909f56bfc062723c751e8b465ee728b)
Start importing Assets/Objets/Torres/Queen Tower/QueenTower_StoneB_SM.png using Guid(eba947ae23bda944c82cb6a628020cc1) Importer(815301076,1909f56bfc062723c751e8b465ee728b)  -> (artifact id: 'b98dad6e904e4ac2cb05c9ab10b01099') in 0.022367 seconds 
========================================================================
Received Import Request.
  Time since last request: 0.000025 seconds.
  path: Assets/Objets/Torres/Queen Tower/QueenTower_Flesh_SM2.png
  artifactKey: Guid(2e30cf724d480ed4d99c9bb4e59069ca) Importer(815301076,1909f56bfc062723c751e8b465ee728b)
Start importing Assets/Objets/Torres/Queen Tower/QueenTower_Flesh_SM2.png using Guid(2e30cf724d480ed4d99c9bb4e59069ca) Importer(815301076,1909f56bfc062723c751e8b465ee728b)  -> (artifact id: 'bf765ce97d50068c8833b33635c8fe3f') in 0.015897 seconds 
========================================================================
Received Import Request.
  Time since last request: 0.000036 seconds.
  path: Assets/Objets/Torres/Queen Tower/QueenTower_StoneA_SM.png
  artifactKey: Guid(959ec6892464fff43a2900fd56efe3c5) Importer(815301076,1909f56bfc062723c751e8b465ee728b)
Start importing Assets/Objets/Torres/Queen Tower/QueenTower_StoneA_SM.png using Guid(959ec6892464fff43a2900fd56efe3c5) Importer(815301076,1909f56bfc062723c751e8b465ee728b)  -> (artifact id: 'fa664b5d6323bbb539b0207ca4960953') in 0.018729 seconds 
========================================================================
Received Import Request.
  Time since last request: 0.000028 seconds.
  path: Assets/Objets/Torres/Queen Tower/QueenTower_StoneB_SM2.png
  artifactKey: Guid(63f8e5175ea71594ba6cfa841a224b99) Importer(815301076,1909f56bfc062723c751e8b465ee728b)
Start importing Assets/Objets/Torres/Queen Tower/QueenTower_StoneB_SM2.png using Guid(63f8e5175ea71594ba6cfa841a224b99) Importer(815301076,1909f56bfc062723c751e8b465ee728b)  -> (artifact id: 'dcb3883c70956dd2d90d20f71dc64b76') in 0.018591 seconds 
========================================================================
Received Import Request.
  Time since last request: 0.000029 seconds.
  path: Assets/Objets/Torres/Queen Tower/QueenTower_Flesh_DM.png
  artifactKey: Guid(b55197bc62846e446a21b0a2fbc40c6c) Importer(815301076,1909f56bfc062723c751e8b465ee728b)
Start importing Assets/Objets/Torres/Queen Tower/QueenTower_Flesh_DM.png using Guid(b55197bc62846e446a21b0a2fbc40c6c) Importer(815301076,1909f56bfc062723c751e8b465ee728b)  -> (artifact id: '42af5c84fb3bfef8db7c917c6df9fb1e') in 0.016582 seconds 
========================================================================
Received Import Request.
  Time since last request: 0.437079 seconds.
  path: Assets/Objets/Torres/Queen Tower/Materials/QJailBrickTiling_DM.mat
  artifactKey: Guid(04fb7cc7fa69a794987681f6de22e282) Importer(815301076,1909f56bfc062723c751e8b465ee728b)
Start importing Assets/Objets/Torres/Queen Tower/Materials/QJailBrickTiling_DM.mat using Guid(04fb7cc7fa69a794987681f6de22e282) Importer(815301076,1909f56bfc062723c751e8b465ee728b)  -> (artifact id: '31f855353abf1cfa2c979fc148cb84d4') in 0.050607 seconds 
========================================================================
Received Import Request.
  Time since last request: 0.000023 seconds.
  path: Assets/Objets/Torres/Queen Tower/Materials/QueenTower_Flesh_SM3.mat
  artifactKey: Guid(f8c22f76d65dda14da4c8798c8cb2dab) Importer(815301076,1909f56bfc062723c751e8b465ee728b)
Start importing Assets/Objets/Torres/Queen Tower/Materials/QueenTower_Flesh_SM3.mat using Guid(f8c22f76d65dda14da4c8798c8cb2dab) Importer(815301076,1909f56bfc062723c751e8b465ee728b)  -> (artifact id: 'b4795f317c1564c005b7be8575b924b9') in 0.016948 seconds 
========================================================================
Received Import Request.
  Time since last request: 0.000026 seconds.
  path: Assets/Objets/Torres/Queen Tower/Materials/QueenTower_StoneA_NM.mat
  artifactKey: Guid(a2e7ac15f5a2845419e1fb8e74e6365d) Importer(815301076,1909f56bfc062723c751e8b465ee728b)
Start importing Assets/Objets/Torres/Queen Tower/Materials/QueenTower_StoneA_NM.mat using Guid(a2e7ac15f5a2845419e1fb8e74e6365d) Importer(815301076,1909f56bfc062723c751e8b465ee728b)  -> (artifact id: 'a6ea4b03515ff4fbf8a5fc37cec39ccb') in 0.016494 seconds 
========================================================================
Received Import Request.
  Time since last request: 0.430016 seconds.
  path: Assets/Objets/Torres/Tower of Spirits/g_tower1.png
  artifactKey: Guid(d3257525d4adc234abfcdda2d96525df) Importer(815301076,1909f56bfc062723c751e8b465ee728b)
Start importing Assets/Objets/Torres/Tower of Spirits/g_tower1.png using Guid(d3257525d4adc234abfcdda2d96525df) Importer(815301076,1909f56bfc062723c751e8b465ee728b)  -> (artifact id: '47affaad795cc6149d7fce7372da18bf') in 0.016599 seconds 
========================================================================
Received Import Request.
  Time since last request: 1.731022 seconds.
  path: Assets/Objets/Torres/Tower of Spirits/Tower of Spirits.mtl
  artifactKey: Guid(7f7659ab11bc1a04da9d5a6f5b86b453) Importer(815301076,1909f56bfc062723c751e8b465ee728b)
Start importing Assets/Objets/Torres/Tower of Spirits/Tower of Spirits.mtl using Guid(7f7659ab11bc1a04da9d5a6f5b86b453) Importer(815301076,1909f56bfc062723c751e8b465ee728b)  -> (artifact id: 'f6fc60bcbd5e58dc1692ddf730d04a94') in 0.008796 seconds 
========================================================================
Received Import Request.
  Time since last request: 0.422178 seconds.
  path: Assets/Objets/Torres/Tower of Spirits/Materials
  artifactKey: Guid(aad1d2c47ff1b7644b28bea8270ad57a) Importer(815301076,1909f56bfc062723c751e8b465ee728b)
Start importing Assets/Objets/Torres/Tower of Spirits/Materials using Guid(aad1d2c47ff1b7644b28bea8270ad57a) Importer(815301076,1909f56bfc062723c751e8b465ee728b)  -> (artifact id: '37cb5103aaa538233906cdab01289fc4') in 0.002129 seconds 
========================================================================
Received Import Request.
  Time since last request: 0.104450 seconds.
  path: Assets/Objets/Torres/Tower of Spirits/Materials/g_tower1.mat
  artifactKey: Guid(90c3875a9199bbb4bbd52bffed13f211) Importer(815301076,1909f56bfc062723c751e8b465ee728b)
Start importing Assets/Objets/Torres/Tower of Spirits/Materials/g_tower1.mat using Guid(90c3875a9199bbb4bbd52bffed13f211) Importer(815301076,1909f56bfc062723c751e8b465ee728b)  -> (artifact id: '27e9ba914ad751fd2dba8c2b41eb2e7b') in 0.008179 seconds 
========================================================================
Received Import Request.
  Time since last request: 57.989869 seconds.
  path: Assets/Prefabs/Torre.prefab
  artifactKey: Guid(0dec6a880e29c6c41be696a5e7c84a4b) Importer(815301076,1909f56bfc062723c751e8b465ee728b)
Start importing Assets/Prefabs/Torre.prefab using Guid(0dec6a880e29c6c41be696a5e7c84a4b) Importer(815301076,1909f56bfc062723c751e8b465ee728b)  -> (artifact id: 'c4a38dc61db6e9e4bf89c5d69361839c') in 0.003850 seconds 
========================================================================
Received Prepare
Registering precompiled user dll's ...
Registered in 0.006412 seconds.
Begin MonoManager ReloadAssembly
Symbol file LoadedFromMemory doesn't match image C:\Users\Xonathan\Arcade-Towers\Library\PackageCache\com.unity.visualscripting@1.8.0\Editor\VisualScripting.Core\Dependencies\YamlDotNet\Unity.VisualScripting.YamlDotNet.dll
Symbol file LoadedFromMemory doesn't match image C:\Users\Xonathan\Arcade-Towers\Library\PackageCache\com.unity.visualscripting@1.8.0\Editor\VisualScripting.Core\Dependencies\DotNetZip\Unity.VisualScripting.IonicZip.dll
Native extension for WindowsStandalone target not found
Refreshing native plugins compatible for Editor in 0.87 ms, found 3 plugins.
Preloading 0 native plugins for Editor in 0.00 ms.
Mono: successfully reloaded assembly
- Completed reload, in  1.062 seconds
Domain Reload Profiling:
	ReloadAssembly (1064ms)
		BeginReloadAssembly (170ms)
			ExecutionOrderSort (0ms)
			DisableScriptedObjects (6ms)
			BackupInstance (0ms)
			ReleaseScriptingObjects (0ms)
			CreateAndSetChildDomain (42ms)
		EndReloadAssembly (783ms)
			LoadAssemblies (107ms)
			RebuildTransferFunctionScriptingTraits (0ms)
			SetupTypeCache (280ms)
			ReleaseScriptCaches (1ms)
			RebuildScriptCaches (40ms)
			SetupLoadedEditorAssemblies (328ms)
				LogAssemblyErrors (0ms)
				InitializePlatformSupportModulesInManaged (8ms)
				SetLoadedEditorAssemblies (1ms)
				RefreshPlugins (1ms)
				BeforeProcessingInitializeOnLoad (67ms)
				ProcessInitializeOnLoadAttributes (217ms)
				ProcessInitializeOnLoadMethodAttributes (23ms)
				AfterProcessingInitializeOnLoad (11ms)
				EditorAssembliesLoaded (0ms)
			ExecutionOrderSort2 (0ms)
			AwakeInstancesAfterBackupRestoration (7ms)
Platform modules already initialized, skipping
Refreshing native plugins compatible for Editor in 2.42 ms, found 3 plugins.
Preloading 0 native plugins for Editor in 0.00 ms.
Unloading 3047 Unused Serialized files (Serialized files now loaded: 0)
Unloading 15 unused Assets / (22.0 KB). Loaded Objects now: 3569.
Memory consumption went from 112.2 MB to 112.2 MB.
Total: 3.863800 ms (FindLiveObjects: 0.316900 ms CreateObjectMapping: 0.092200 ms MarkObjects: 3.421100 ms  DeleteObjects: 0.032300 ms)

AssetImportParameters requested are different than current active one (requested -> active):
  custom:video-decoder-ogg-theora: a1e56fd34408186e4bbccfd4996cb3dc -> 
  custom:container-muxer-webm: aa71ff27fc2769a1b78a27578f13a17b -> 
  custom:container-demuxer-webm: 4f35f7cbe854078d1ac9338744f61a02 -> 
  custom:video-encoder-webm-vp8: eb34c28f22e8b96e1ab97ce403110664 -> 
  custom:video-codec-MediaFoundation-h265: 746d11721c4dcdbdad8f713fa42b33f4 -> 
  custom:CustomObjectIndexerAttribute: bc11b3a6c3213fcdd17b65e7da85e133 -> 
  custom:audio-encoder-webm-vorbis: bf7c407c2cedff20999df2af8eb42d56 -> 
  custom:framework-win-MediaFoundation: 216162199b28c13a410421893ffa2e32 -> 
  custom:container-demuxer-ogg: 62fdf1f143b41e24485cea50d1cbac27 -> 
  custom:video-decoder-webm-vp8: 9c59270c3fd7afecdb556c50c9e8de78 -> 
  custom:audio-decoder-ogg-vorbis: bf7c407c2cedff20999df2af8eb42d56 -> 
========================================================================
Received Prepare
Registering precompiled user dll's ...
Registered in 0.006767 seconds.
Begin MonoManager ReloadAssembly
Symbol file LoadedFromMemory doesn't match image C:\Users\Xonathan\Arcade-Towers\Library\PackageCache\com.unity.visualscripting@1.8.0\Editor\VisualScripting.Core\Dependencies\YamlDotNet\Unity.VisualScripting.YamlDotNet.dll
Symbol file LoadedFromMemory doesn't match image C:\Users\Xonathan\Arcade-Towers\Library\PackageCache\com.unity.visualscripting@1.8.0\Editor\VisualScripting.Core\Dependencies\DotNetZip\Unity.VisualScripting.IonicZip.dll
Native extension for WindowsStandalone target not found
Refreshing native plugins compatible for Editor in 0.66 ms, found 3 plugins.
Preloading 0 native plugins for Editor in 0.00 ms.
Mono: successfully reloaded assembly
- Completed reload, in  1.079 seconds
Domain Reload Profiling:
	ReloadAssembly (1080ms)
		BeginReloadAssembly (165ms)
			ExecutionOrderSort (0ms)
			DisableScriptedObjects (7ms)
			BackupInstance (0ms)
			ReleaseScriptingObjects (0ms)
			CreateAndSetChildDomain (35ms)
		EndReloadAssembly (799ms)
			LoadAssemblies (112ms)
			RebuildTransferFunctionScriptingTraits (0ms)
			SetupTypeCache (283ms)
			ReleaseScriptCaches (1ms)
			RebuildScriptCaches (40ms)
			SetupLoadedEditorAssemblies (330ms)
				LogAssemblyErrors (0ms)
				InitializePlatformSupportModulesInManaged (6ms)
				SetLoadedEditorAssemblies (0ms)
				RefreshPlugins (1ms)
				BeforeProcessingInitializeOnLoad (75ms)
				ProcessInitializeOnLoadAttributes (212ms)
				ProcessInitializeOnLoadMethodAttributes (24ms)
				AfterProcessingInitializeOnLoad (12ms)
				EditorAssembliesLoaded (0ms)
			ExecutionOrderSort2 (0ms)
			AwakeInstancesAfterBackupRestoration (9ms)
Platform modules already initialized, skipping
Refreshing native plugins compatible for Editor in 2.19 ms, found 3 plugins.
Preloading 0 native plugins for Editor in 0.00 ms.
Unloading 3047 Unused Serialized files (Serialized files now loaded: 0)
Unloading 15 unused Assets / (22.0 KB). Loaded Objects now: 3572.
Memory consumption went from 112.2 MB to 112.2 MB.
Total: 3.910200 ms (FindLiveObjects: 0.384300 ms CreateObjectMapping: 0.120100 ms MarkObjects: 3.374800 ms  DeleteObjects: 0.029500 ms)

AssetImportParameters requested are different than current active one (requested -> active):
  custom:video-decoder-ogg-theora: a1e56fd34408186e4bbccfd4996cb3dc -> 
  custom:container-muxer-webm: aa71ff27fc2769a1b78a27578f13a17b -> 
  custom:container-demuxer-webm: 4f35f7cbe854078d1ac9338744f61a02 -> 
  custom:video-encoder-webm-vp8: eb34c28f22e8b96e1ab97ce403110664 -> 
  custom:video-codec-MediaFoundation-h265: 746d11721c4dcdbdad8f713fa42b33f4 -> 
  custom:CustomObjectIndexerAttribute: bc11b3a6c3213fcdd17b65e7da85e133 -> 
  custom:audio-encoder-webm-vorbis: bf7c407c2cedff20999df2af8eb42d56 -> 
  custom:framework-win-MediaFoundation: 216162199b28c13a410421893ffa2e32 -> 
  custom:container-demuxer-ogg: 62fdf1f143b41e24485cea50d1cbac27 -> 
  custom:video-decoder-webm-vp8: 9c59270c3fd7afecdb556c50c9e8de78 -> 
  custom:audio-decoder-ogg-vorbis: bf7c407c2cedff20999df2af8eb42d56 -> 
========================================================================
Received Import Request.
  Time since last request: 283.037904 seconds.
  path: Assets/Characters/Sonic Statue/sonic.obj
  artifactKey: Guid(89af296f0c1c3c742b2c12212b29844a) Importer(815301076,1909f56bfc062723c751e8b465ee728b)
Start importing Assets/Characters/Sonic Statue/sonic.obj using Guid(89af296f0c1c3c742b2c12212b29844a) Importer(815301076,1909f56bfc062723c751e8b465ee728b)  -> (artifact id: '9b936fd8a12f63344aafbea39655a0f7') in 0.116886 seconds 
========================================================================
Received Import Request.
  Time since last request: 25.136441 seconds.
  path: Assets/Prefabs/Torre.prefab
  artifactKey: Guid(0dec6a880e29c6c41be696a5e7c84a4b) Importer(815301076,1909f56bfc062723c751e8b465ee728b)
Start importing Assets/Prefabs/Torre.prefab using Guid(0dec6a880e29c6c41be696a5e7c84a4b) Importer(815301076,1909f56bfc062723c751e8b465ee728b)  -> (artifact id: 'e71b95afd6250369b3078de21aa41a71') in 0.004058 seconds 
========================================================================
Received Import Request.
  Time since last request: 10.900769 seconds.
  path: Assets/Prefabs/Torre.prefab
  artifactKey: Guid(0dec6a880e29c6c41be696a5e7c84a4b) Importer(815301076,1909f56bfc062723c751e8b465ee728b)
Start importing Assets/Prefabs/Torre.prefab using Guid(0dec6a880e29c6c41be696a5e7c84a4b) Importer(815301076,1909f56bfc062723c751e8b465ee728b)  -> (artifact id: '273825c103e8c1690d65131f9add0d16') in 0.003859 seconds 
========================================================================
Received Import Request.
  Time since last request: 45.663336 seconds.
  path: Assets/Scripts/Torre.cs
  artifactKey: Guid(c41aac5a04509a24fa5c911a481a52a0) Importer(815301076,1909f56bfc062723c751e8b465ee728b)
Start importing Assets/Scripts/Torre.cs using Guid(c41aac5a04509a24fa5c911a481a52a0) Importer(815301076,1909f56bfc062723c751e8b465ee728b)  -> (artifact id: '68f7351b529df875ba9f14d1d8defb57') in 0.002005 seconds 
========================================================================
Received Prepare
Registering precompiled user dll's ...
Registered in 0.008622 seconds.
Begin MonoManager ReloadAssembly
Symbol file LoadedFromMemory doesn't match image C:\Users\Xonathan\Arcade-Towers\Library\PackageCache\com.unity.visualscripting@1.8.0\Editor\VisualScripting.Core\Dependencies\YamlDotNet\Unity.VisualScripting.YamlDotNet.dll
Symbol file LoadedFromMemory doesn't match image C:\Users\Xonathan\Arcade-Towers\Library\PackageCache\com.unity.visualscripting@1.8.0\Editor\VisualScripting.Core\Dependencies\DotNetZip\Unity.VisualScripting.IonicZip.dll
Native extension for WindowsStandalone target not found
Refreshing native plugins compatible for Editor in 0.81 ms, found 3 plugins.
Preloading 0 native plugins for Editor in 0.00 ms.
Mono: successfully reloaded assembly
- Completed reload, in  1.258 seconds
Domain Reload Profiling:
	ReloadAssembly (1259ms)
		BeginReloadAssembly (165ms)
			ExecutionOrderSort (0ms)
			DisableScriptedObjects (7ms)
			BackupInstance (0ms)
			ReleaseScriptingObjects (0ms)
			CreateAndSetChildDomain (36ms)
		EndReloadAssembly (965ms)
			LoadAssemblies (114ms)
			RebuildTransferFunctionScriptingTraits (0ms)
			SetupTypeCache (381ms)
			ReleaseScriptCaches (1ms)
			RebuildScriptCaches (61ms)
			SetupLoadedEditorAssemblies (366ms)
				LogAssemblyErrors (0ms)
				InitializePlatformSupportModulesInManaged (7ms)
				SetLoadedEditorAssemblies (1ms)
				RefreshPlugins (1ms)
				BeforeProcessingInitializeOnLoad (76ms)
				ProcessInitializeOnLoadAttributes (241ms)
				ProcessInitializeOnLoadMethodAttributes (27ms)
				AfterProcessingInitializeOnLoad (13ms)
				EditorAssembliesLoaded (0ms)
			ExecutionOrderSort2 (0ms)
			AwakeInstancesAfterBackupRestoration (8ms)
Platform modules already initialized, skipping
Refreshing native plugins compatible for Editor in 1.99 ms, found 3 plugins.
Preloading 0 native plugins for Editor in 0.00 ms.
Unloading 3047 Unused Serialized files (Serialized files now loaded: 0)
Unloading 15 unused Assets / (22.0 KB). Loaded Objects now: 3575.
Memory consumption went from 112.2 MB to 112.2 MB.
Total: 3.269300 ms (FindLiveObjects: 0.314300 ms CreateObjectMapping: 0.070600 ms MarkObjects: 2.855900 ms  DeleteObjects: 0.027400 ms)

AssetImportParameters requested are different than current active one (requested -> active):
  custom:video-decoder-ogg-theora: a1e56fd34408186e4bbccfd4996cb3dc -> 
  custom:container-muxer-webm: aa71ff27fc2769a1b78a27578f13a17b -> 
  custom:container-demuxer-webm: 4f35f7cbe854078d1ac9338744f61a02 -> 
  custom:video-encoder-webm-vp8: eb34c28f22e8b96e1ab97ce403110664 -> 
  custom:video-codec-MediaFoundation-h265: 746d11721c4dcdbdad8f713fa42b33f4 -> 
  custom:CustomObjectIndexerAttribute: bc11b3a6c3213fcdd17b65e7da85e133 -> 
  custom:audio-encoder-webm-vorbis: bf7c407c2cedff20999df2af8eb42d56 -> 
  custom:framework-win-MediaFoundation: 216162199b28c13a410421893ffa2e32 -> 
  custom:container-demuxer-ogg: 62fdf1f143b41e24485cea50d1cbac27 -> 
  custom:video-decoder-webm-vp8: 9c59270c3fd7afecdb556c50c9e8de78 -> 
  custom:audio-decoder-ogg-vorbis: bf7c407c2cedff20999df2af8eb42d56 -> 
========================================================================
Received Prepare
Registering precompiled user dll's ...
Registered in 0.008024 seconds.
Begin MonoManager ReloadAssembly
Symbol file LoadedFromMemory doesn't match image C:\Users\Xonathan\Arcade-Towers\Library\PackageCache\com.unity.visualscripting@1.8.0\Editor\VisualScripting.Core\Dependencies\YamlDotNet\Unity.VisualScripting.YamlDotNet.dll
Symbol file LoadedFromMemory doesn't match image C:\Users\Xonathan\Arcade-Towers\Library\PackageCache\com.unity.visualscripting@1.8.0\Editor\VisualScripting.Core\Dependencies\DotNetZip\Unity.VisualScripting.IonicZip.dll
Native extension for WindowsStandalone target not found
Refreshing native plugins compatible for Editor in 0.70 ms, found 3 plugins.
Preloading 0 native plugins for Editor in 0.00 ms.
Mono: successfully reloaded assembly
- Completed reload, in  1.114 seconds
Domain Reload Profiling:
	ReloadAssembly (1115ms)
		BeginReloadAssembly (172ms)
			ExecutionOrderSort (0ms)
			DisableScriptedObjects (6ms)
			BackupInstance (0ms)
			ReleaseScriptingObjects (0ms)
			CreateAndSetChildDomain (40ms)
		EndReloadAssembly (819ms)
			LoadAssemblies (111ms)
			RebuildTransferFunctionScriptingTraits (0ms)
			SetupTypeCache (295ms)
			ReleaseScriptCaches (1ms)
			RebuildScriptCaches (43ms)
			SetupLoadedEditorAssemblies (340ms)
				LogAssemblyErrors (0ms)
				InitializePlatformSupportModulesInManaged (6ms)
				SetLoadedEditorAssemblies (1ms)
				RefreshPlugins (1ms)
				BeforeProcessingInitializeOnLoad (68ms)
				ProcessInitializeOnLoadAttributes (229ms)
				ProcessInitializeOnLoadMethodAttributes (22ms)
				AfterProcessingInitializeOnLoad (13ms)
				EditorAssembliesLoaded (0ms)
			ExecutionOrderSort2 (0ms)
			AwakeInstancesAfterBackupRestoration (9ms)
Platform modules already initialized, skipping
Refreshing native plugins compatible for Editor in 2.60 ms, found 3 plugins.
Preloading 0 native plugins for Editor in 0.00 ms.
Unloading 3047 Unused Serialized files (Serialized files now loaded: 0)
Unloading 15 unused Assets / (22.0 KB). Loaded Objects now: 3578.
Memory consumption went from 112.2 MB to 112.2 MB.
Total: 3.787400 ms (FindLiveObjects: 0.337800 ms CreateObjectMapping: 0.082100 ms MarkObjects: 3.329300 ms  DeleteObjects: 0.036000 ms)

AssetImportParameters requested are different than current active one (requested -> active):
  custom:video-decoder-ogg-theora: a1e56fd34408186e4bbccfd4996cb3dc -> 
  custom:container-muxer-webm: aa71ff27fc2769a1b78a27578f13a17b -> 
  custom:container-demuxer-webm: 4f35f7cbe854078d1ac9338744f61a02 -> 
  custom:video-encoder-webm-vp8: eb34c28f22e8b96e1ab97ce403110664 -> 
  custom:video-codec-MediaFoundation-h265: 746d11721c4dcdbdad8f713fa42b33f4 -> 
  custom:CustomObjectIndexerAttribute: bc11b3a6c3213fcdd17b65e7da85e133 -> 
  custom:audio-encoder-webm-vorbis: bf7c407c2cedff20999df2af8eb42d56 -> 
  custom:framework-win-MediaFoundation: 216162199b28c13a410421893ffa2e32 -> 
  custom:container-demuxer-ogg: 62fdf1f143b41e24485cea50d1cbac27 -> 
  custom:video-decoder-webm-vp8: 9c59270c3fd7afecdb556c50c9e8de78 -> 
  custom:audio-decoder-ogg-vorbis: bf7c407c2cedff20999df2af8eb42d56 -> 
========================================================================
Received Import Request.
  Time since last request: 229.115370 seconds.
  path: Assets/Objets/Pisos/material-floor-rocks/Materials/Floor_Rock_Ambient_Occlusion.mat
  artifactKey: Guid(75095dd6d0fe08441a8f16fe00ee92bf) Importer(815301076,1909f56bfc062723c751e8b465ee728b)
Start importing Assets/Objets/Pisos/material-floor-rocks/Materials/Floor_Rock_Ambient_Occlusion.mat using Guid(75095dd6d0fe08441a8f16fe00ee92bf) Importer(815301076,1909f56bfc062723c751e8b465ee728b)  -> (artifact id: 'eb998a8d72795d493b43902d64e5006b') in 0.098901 seconds 
========================================================================
Received Import Request.
  Time since last request: 0.000045 seconds.
  path: Assets/Objets/Paredes/Reinforced Wall/Materials/Tex_0040_0.mat
  artifactKey: Guid(b3c5bd9edf70c004496083d51a38a258) Importer(815301076,1909f56bfc062723c751e8b465ee728b)
Start importing Assets/Objets/Paredes/Reinforced Wall/Materials/Tex_0040_0.mat using Guid(b3c5bd9edf70c004496083d51a38a258) Importer(815301076,1909f56bfc062723c751e8b465ee728b)  -> (artifact id: 'a8f5975a13b9f58245c040e3673a99d5') in 0.014619 seconds 
========================================================================
Received Import Request.
  Time since last request: 0.000036 seconds.
  path: Assets/Objets/Pisos/material-floor-rocks/Materials/Rock_Floor_Moss_basecolor.mat
  artifactKey: Guid(28d3cd15ec1dfca44a01d0374bb7a147) Importer(815301076,1909f56bfc062723c751e8b465ee728b)
Start importing Assets/Objets/Pisos/material-floor-rocks/Materials/Rock_Floor_Moss_basecolor.mat using Guid(28d3cd15ec1dfca44a01d0374bb7a147) Importer(815301076,1909f56bfc062723c751e8b465ee728b)  -> (artifact id: 'bdafe719c42d068acc28f7e23fb48b66') in 0.015663 seconds 
========================================================================
Received Import Request.
  Time since last request: 0.000021 seconds.
  path: Assets/Objets/Pisos/material-floor-rocks/Materials/Floor_Rock_normal.mat
  artifactKey: Guid(c89e227450b191c46b6b33c3534a47e7) Importer(815301076,1909f56bfc062723c751e8b465ee728b)
Start importing Assets/Objets/Pisos/material-floor-rocks/Materials/Floor_Rock_normal.mat using Guid(c89e227450b191c46b6b33c3534a47e7) Importer(815301076,1909f56bfc062723c751e8b465ee728b)  -> (artifact id: '37d74cf100b9c0a32a1b0e4ec18bf295') in 0.012746 seconds 
========================================================================
Received Import Request.
  Time since last request: 0.000026 seconds.
  path: Assets/Objets/Pisos/material-floor-rocks/Materials/Rock_Floor_Moss_normal.mat
  artifactKey: Guid(236b4247091a89447ac58a41ec9474d3) Importer(815301076,1909f56bfc062723c751e8b465ee728b)
Start importing Assets/Objets/Pisos/material-floor-rocks/Materials/Rock_Floor_Moss_normal.mat using Guid(236b4247091a89447ac58a41ec9474d3) Importer(815301076,1909f56bfc062723c751e8b465ee728b)  -> (artifact id: '7551fef5a2e7ff71354a9e58a1f0f0e0') in 0.015806 seconds 
Editor requested this worker to shutdown with reason: Scaling down because of idle timeout
AssetImportWorker is now disconnected from the server
Process exiting
Exiting without the bug reporter. Application will terminate with return code 0