Using pre-set license
Built from '2021.3/staging' branch; Version is '2021.3.29f1 (204d6dc9ae1c) revision 2116973'; Using compiler version '192829333'; Build Type 'Release'
OS: 'Windows 11  (10.0.22631) 64bit Core' Language: 'es' Physical Memory: 32669 MB
BatchMode: 1, IsHumanControllingUs: 0, StartBugReporterOnCrash: 0, Is64bit: 1, IsPro: 1

COMMAND LINE ARGUMENTS:
C:\Program Files\Unity\Hub\Editor\2021.3.29f1\Editor\Unity.exe
-adb2
-batchMode
-noUpm
-name
AssetImportWorker0
-projectPath
C:/Users/Xonathan/Arcade-Towers
-logFile
Logs/AssetImportWorker0.log
-srvPort
51615
Successfully changed project path to: C:/Users/Xonathan/Arcade-Towers
C:/Users/Xonathan/Arcade-Towers
[UnityMemory] Configuration Parameters - Can be set up in boot.config
    "memorysetup-bucket-allocator-granularity=16"
    "memorysetup-bucket-allocator-bucket-count=8"
    "memorysetup-bucket-allocator-block-size=33554432"
    "memorysetup-bucket-allocator-block-count=8"
    "memorysetup-main-allocator-block-size=16777216"
    "memorysetup-thread-allocator-block-size=16777216"
    "memorysetup-gfx-main-allocator-block-size=16777216"
    "memorysetup-gfx-thread-allocator-block-size=16777216"
    "memorysetup-cache-allocator-block-size=4194304"
    "memorysetup-typetree-allocator-block-size=2097152"
    "memorysetup-profiler-bucket-allocator-granularity=16"
    "memorysetup-profiler-bucket-allocator-bucket-count=8"
    "memorysetup-profiler-bucket-allocator-block-size=33554432"
    "memorysetup-profiler-bucket-allocator-block-count=8"
    "memorysetup-profiler-allocator-block-size=16777216"
    "memorysetup-profiler-editor-allocator-block-size=1048576"
    "memorysetup-temp-allocator-size-main=16777216"
    "memorysetup-job-temp-allocator-block-size=2097152"
    "memorysetup-job-temp-allocator-block-size-background=1048576"
    "memorysetup-job-temp-allocator-reduction-small-platforms=262144"
    "memorysetup-temp-allocator-size-background-worker=32768"
    "memorysetup-temp-allocator-size-job-worker=262144"
    "memorysetup-temp-allocator-size-preload-manager=33554432"
    "memorysetup-temp-allocator-size-nav-mesh-worker=65536"
    "memorysetup-temp-allocator-size-audio-worker=65536"
    "memorysetup-temp-allocator-size-cloud-worker=32768"
    "memorysetup-temp-allocator-size-gi-baking-worker=262144"
    "memorysetup-temp-allocator-size-gfx=262144"
Player connection [23632] Host "[IP] 192.168.1.17 [Port] 0 [Flags] 2 [Guid] 780303489 [EditorId] 780303489 [Version] 1048832 [Id] WindowsEditor(7,DESKTOP-NTA04CG) [Debug] 1 [PackageName] WindowsEditor [ProjectName] Editor" joined multi-casting on [225.0.0.222:54997]...

Player connection [23632] Host "[IP] 192.168.1.17 [Port] 0 [Flags] 2 [Guid] 780303489 [EditorId] 780303489 [Version] 1048832 [Id] WindowsEditor(7,DESKTOP-NTA04CG) [Debug] 1 [PackageName] WindowsEditor [ProjectName] Editor" joined alternative multi-casting on [225.0.0.222:34997]...

Refreshing native plugins compatible for Editor in 94.73 ms, found 3 plugins.
Preloading 0 native plugins for Editor in 0.00 ms.
Initialize engine version: 2021.3.29f1 (204d6dc9ae1c)
[Subsystems] Discovering subsystems at path C:/Program Files/Unity/Hub/Editor/2021.3.29f1/Editor/Data/Resources/UnitySubsystems
[Subsystems] Discovering subsystems at path C:/Users/Xonathan/Arcade-Towers/Assets
GfxDevice: creating device client; threaded=0; jobified=0
Direct3D:
    Version:  Direct3D 11.0 [level 11.1]
    Renderer: AMD Radeon RX 6700 XT (ID=0x73df)
    Vendor:   ATI
    VRAM:     12243 MB
    Driver:   31.0.24031.5001
Initialize mono
Mono path[0] = 'C:/Program Files/Unity/Hub/Editor/2021.3.29f1/Editor/Data/Managed'
Mono path[1] = 'C:/Program Files/Unity/Hub/Editor/2021.3.29f1/Editor/Data/MonoBleedingEdge/lib/mono/unityjit-win32'
Mono config path = 'C:/Program Files/Unity/Hub/Editor/2021.3.29f1/Editor/Data/MonoBleedingEdge/etc'
Using monoOptions --debugger-agent=transport=dt_socket,embedding=1,server=y,suspend=n,address=127.0.0.1:56440
Begin MonoManager ReloadAssembly
Registering precompiled unity dll's ...
Register platform support module: C:/Program Files/Unity/Hub/Editor/2021.3.29f1/Editor/Data/PlaybackEngines/WindowsStandaloneSupport/UnityEditor.WindowsStandalone.Extensions.dll
Registered in 0.008436 seconds.
Native extension for WindowsStandalone target not found
Refreshing native plugins compatible for Editor in 85.91 ms, found 3 plugins.
Preloading 0 native plugins for Editor in 0.00 ms.
Mono: successfully reloaded assembly
- Completed reload, in  0.834 seconds
Domain Reload Profiling:
	ReloadAssembly (835ms)
		BeginReloadAssembly (120ms)
			ExecutionOrderSort (0ms)
			DisableScriptedObjects (0ms)
			BackupInstance (0ms)
			ReleaseScriptingObjects (0ms)
			CreateAndSetChildDomain (1ms)
		EndReloadAssembly (572ms)
			LoadAssemblies (115ms)
			RebuildTransferFunctionScriptingTraits (0ms)
			SetupTypeCache (141ms)
			ReleaseScriptCaches (0ms)
			RebuildScriptCaches (36ms)
			SetupLoadedEditorAssemblies (327ms)
				LogAssemblyErrors (0ms)
				InitializePlatformSupportModulesInManaged (10ms)
				SetLoadedEditorAssemblies (0ms)
				RefreshPlugins (86ms)
				BeforeProcessingInitializeOnLoad (2ms)
				ProcessInitializeOnLoadAttributes (167ms)
				ProcessInitializeOnLoadMethodAttributes (62ms)
				AfterProcessingInitializeOnLoad (0ms)
				EditorAssembliesLoaded (0ms)
			ExecutionOrderSort2 (0ms)
			AwakeInstancesAfterBackupRestoration (0ms)
Platform modules already initialized, skipping
Registering precompiled user dll's ...
Registered in 0.007805 seconds.
Begin MonoManager ReloadAssembly
Symbol file LoadedFromMemory doesn't match image C:\Users\Xonathan\Arcade-Towers\Library\PackageCache\com.unity.visualscripting@1.8.0\Editor\VisualScripting.Core\Dependencies\YamlDotNet\Unity.VisualScripting.YamlDotNet.dll
Symbol file LoadedFromMemory doesn't match image C:\Users\Xonathan\Arcade-Towers\Library\PackageCache\com.unity.visualscripting@1.8.0\Editor\VisualScripting.Core\Dependencies\DotNetZip\Unity.VisualScripting.IonicZip.dll
Native extension for WindowsStandalone target not found
Refreshing native plugins compatible for Editor in 0.69 ms, found 3 plugins.
Preloading 0 native plugins for Editor in 0.00 ms.
Mono: successfully reloaded assembly
- Completed reload, in  1.253 seconds
Domain Reload Profiling:
	ReloadAssembly (1254ms)
		BeginReloadAssembly (172ms)
			ExecutionOrderSort (0ms)
			DisableScriptedObjects (8ms)
			BackupInstance (0ms)
			ReleaseScriptingObjects (0ms)
			CreateAndSetChildDomain (26ms)
		EndReloadAssembly (937ms)
			LoadAssemblies (123ms)
			RebuildTransferFunctionScriptingTraits (0ms)
			SetupTypeCache (337ms)
			ReleaseScriptCaches (1ms)
			RebuildScriptCaches (64ms)
			SetupLoadedEditorAssemblies (391ms)
				LogAssemblyErrors (0ms)
				InitializePlatformSupportModulesInManaged (7ms)
				SetLoadedEditorAssemblies (1ms)
				RefreshPlugins (1ms)
				BeforeProcessingInitializeOnLoad (89ms)
				ProcessInitializeOnLoadAttributes (260ms)
				ProcessInitializeOnLoadMethodAttributes (23ms)
				AfterProcessingInitializeOnLoad (11ms)
				EditorAssembliesLoaded (0ms)
			ExecutionOrderSort2 (0ms)
			AwakeInstancesAfterBackupRestoration (6ms)
Platform modules already initialized, skipping
========================================================================
Worker process is ready to serve import requests
Launched and connected shader compiler UnityShaderCompiler.exe after 0.06 seconds
Refreshing native plugins compatible for Editor in 0.53 ms, found 3 plugins.
Preloading 0 native plugins for Editor in 0.00 ms.
Unloading 3052 Unused Serialized files (Serialized files now loaded: 0)
Unloading 22 unused Assets / (46.4 KB). Loaded Objects now: 3514.
Memory consumption went from 107.7 MB to 107.6 MB.
Total: 3.369300 ms (FindLiveObjects: 0.320800 ms CreateObjectMapping: 0.077000 ms MarkObjects: 2.889300 ms  DeleteObjects: 0.081000 ms)

AssetImportParameters requested are different than current active one (requested -> active):
  custom:video-decoder-ogg-theora: a1e56fd34408186e4bbccfd4996cb3dc -> 
  custom:container-muxer-webm: aa71ff27fc2769a1b78a27578f13a17b -> 
  custom:container-demuxer-webm: 4f35f7cbe854078d1ac9338744f61a02 -> 
  custom:video-encoder-webm-vp8: eb34c28f22e8b96e1ab97ce403110664 -> 
  custom:video-codec-MediaFoundation-h265: 746d11721c4dcdbdad8f713fa42b33f4 -> 
  custom:CustomObjectIndexerAttribute: bc11b3a6c3213fcdd17b65e7da85e133 -> 
  custom:audio-encoder-webm-vorbis: bf7c407c2cedff20999df2af8eb42d56 -> 
  custom:framework-win-MediaFoundation: 216162199b28c13a410421893ffa2e32 -> 
  custom:container-demuxer-ogg: 62fdf1f143b41e24485cea50d1cbac27 -> 
  custom:video-decoder-webm-vp8: 9c59270c3fd7afecdb556c50c9e8de78 -> 
  custom:audio-decoder-ogg-vorbis: bf7c407c2cedff20999df2af8eb42d56 -> 
========================================================================
Received Import Request.
  Time since last request: 877797.194918 seconds.
  path: Assets/Scenes
  artifactKey: Guid(d491aa5d8720f494da99e6b9ec3885a5) Importer(815301076,1909f56bfc062723c751e8b465ee728b)
Start importing Assets/Scenes using Guid(d491aa5d8720f494da99e6b9ec3885a5) Importer(815301076,1909f56bfc062723c751e8b465ee728b)  -> (artifact id: 'ba3e748bc6c7a664ee19ae301a2d0910') in 0.008219 seconds 
========================================================================
Received Import Request.
  Time since last request: 0.851247 seconds.
  path: Assets/Scenes/Level 2.unity
  artifactKey: Guid(e0e2aa38f50cae64b8b1c584efa00171) Importer(815301076,1909f56bfc062723c751e8b465ee728b)
Start importing Assets/Scenes/Level 2.unity using Guid(e0e2aa38f50cae64b8b1c584efa00171) Importer(815301076,1909f56bfc062723c751e8b465ee728b)  -> (artifact id: '6f911d50c656583d591e486148bf1e4f') in 0.001949 seconds 
========================================================================
Received Import Request.
  Time since last request: 1.222276 seconds.
  path: Assets/Scenes/Level 3.unity
  artifactKey: Guid(e12a91a3e7546d044a44b031d5c46345) Importer(815301076,1909f56bfc062723c751e8b465ee728b)
Start importing Assets/Scenes/Level 3.unity using Guid(e12a91a3e7546d044a44b031d5c46345) Importer(815301076,1909f56bfc062723c751e8b465ee728b)  -> (artifact id: 'a71461319a0b7ecb8b5964a367a22ec5') in 0.002043 seconds 
========================================================================
Received Import Request.
  Time since last request: 1.340013 seconds.
  path: Assets/Scenes/SampleScene.unity
  artifactKey: Guid(9fc0d4010bbf28b4594072e72b8655ab) Importer(815301076,1909f56bfc062723c751e8b465ee728b)
Start importing Assets/Scenes/SampleScene.unity using Guid(9fc0d4010bbf28b4594072e72b8655ab) Importer(815301076,1909f56bfc062723c751e8b465ee728b)  -> (artifact id: '953936c3df64367e85e500edf8bd9198') in 0.002145 seconds 
========================================================================
Received Import Request.
  Time since last request: 198.819434 seconds.
  path: Assets/Scripts
  artifactKey: Guid(2dc5535b754f9be40a3140bc4b848407) Importer(815301076,1909f56bfc062723c751e8b465ee728b)
Start importing Assets/Scripts using Guid(2dc5535b754f9be40a3140bc4b848407) Importer(815301076,1909f56bfc062723c751e8b465ee728b)  -> (artifact id: '294624f909b3b74aba4f5d72ae6ade01') in 0.001845 seconds 
========================================================================
Received Import Request.
  Time since last request: 14.291413 seconds.
  path: Assets/Scripts/Torre.cs
  artifactKey: Guid(c41aac5a04509a24fa5c911a481a52a0) Importer(815301076,1909f56bfc062723c751e8b465ee728b)
Start importing Assets/Scripts/Torre.cs using Guid(c41aac5a04509a24fa5c911a481a52a0) Importer(815301076,1909f56bfc062723c751e8b465ee728b)  -> (artifact id: 'a209063f937302d922b280693f7b0210') in 0.031955 seconds 
========================================================================
Received Prepare
Registering precompiled user dll's ...
Registered in 0.006787 seconds.
Begin MonoManager ReloadAssembly
Symbol file LoadedFromMemory doesn't match image C:\Users\Xonathan\Arcade-Towers\Library\PackageCache\com.unity.visualscripting@1.8.0\Editor\VisualScripting.Core\Dependencies\YamlDotNet\Unity.VisualScripting.YamlDotNet.dll
Symbol file LoadedFromMemory doesn't match image C:\Users\Xonathan\Arcade-Towers\Library\PackageCache\com.unity.visualscripting@1.8.0\Editor\VisualScripting.Core\Dependencies\DotNetZip\Unity.VisualScripting.IonicZip.dll
Native extension for WindowsStandalone target not found
Refreshing native plugins compatible for Editor in 0.77 ms, found 3 plugins.
Preloading 0 native plugins for Editor in 0.00 ms.
Mono: successfully reloaded assembly
- Completed reload, in  1.084 seconds
Domain Reload Profiling:
	ReloadAssembly (1085ms)
		BeginReloadAssembly (171ms)
			ExecutionOrderSort (0ms)
			DisableScriptedObjects (7ms)
			BackupInstance (0ms)
			ReleaseScriptingObjects (0ms)
			CreateAndSetChildDomain (39ms)
		EndReloadAssembly (796ms)
			LoadAssemblies (113ms)
			RebuildTransferFunctionScriptingTraits (0ms)
			SetupTypeCache (275ms)
			ReleaseScriptCaches (1ms)
			RebuildScriptCaches (42ms)
			SetupLoadedEditorAssemblies (338ms)
				LogAssemblyErrors (0ms)
				InitializePlatformSupportModulesInManaged (6ms)
				SetLoadedEditorAssemblies (1ms)
				RefreshPlugins (1ms)
				BeforeProcessingInitializeOnLoad (73ms)
				ProcessInitializeOnLoadAttributes (221ms)
				ProcessInitializeOnLoadMethodAttributes (24ms)
				AfterProcessingInitializeOnLoad (11ms)
				EditorAssembliesLoaded (0ms)
			ExecutionOrderSort2 (0ms)
			AwakeInstancesAfterBackupRestoration (7ms)
Platform modules already initialized, skipping
Refreshing native plugins compatible for Editor in 1.92 ms, found 3 plugins.
Preloading 0 native plugins for Editor in 0.00 ms.
Unloading 3046 Unused Serialized files (Serialized files now loaded: 0)
Unloading 15 unused Assets / (21.9 KB). Loaded Objects now: 3518.
Memory consumption went from 107.4 MB to 107.4 MB.
Total: 2.996700 ms (FindLiveObjects: 0.275000 ms CreateObjectMapping: 0.070900 ms MarkObjects: 2.628600 ms  DeleteObjects: 0.021400 ms)

AssetImportParameters requested are different than current active one (requested -> active):
  custom:video-decoder-ogg-theora: a1e56fd34408186e4bbccfd4996cb3dc -> 
  custom:container-muxer-webm: aa71ff27fc2769a1b78a27578f13a17b -> 
  custom:container-demuxer-webm: 4f35f7cbe854078d1ac9338744f61a02 -> 
  custom:video-encoder-webm-vp8: eb34c28f22e8b96e1ab97ce403110664 -> 
  custom:video-codec-MediaFoundation-h265: 746d11721c4dcdbdad8f713fa42b33f4 -> 
  custom:CustomObjectIndexerAttribute: bc11b3a6c3213fcdd17b65e7da85e133 -> 
  custom:audio-encoder-webm-vorbis: bf7c407c2cedff20999df2af8eb42d56 -> 
  custom:framework-win-MediaFoundation: 216162199b28c13a410421893ffa2e32 -> 
  custom:container-demuxer-ogg: 62fdf1f143b41e24485cea50d1cbac27 -> 
  custom:video-decoder-webm-vp8: 9c59270c3fd7afecdb556c50c9e8de78 -> 
  custom:audio-decoder-ogg-vorbis: bf7c407c2cedff20999df2af8eb42d56 -> 
========================================================================
Received Import Request.
  Time since last request: 194.315504 seconds.
  path: Assets/Scripts/Torre.cs
  artifactKey: Guid(c41aac5a04509a24fa5c911a481a52a0) Importer(815301076,1909f56bfc062723c751e8b465ee728b)
Start importing Assets/Scripts/Torre.cs using Guid(c41aac5a04509a24fa5c911a481a52a0) Importer(815301076,1909f56bfc062723c751e8b465ee728b)  -> (artifact id: '2241faf439f0ff5799cfe5855ffbe474') in 0.008797 seconds 
========================================================================
Received Import Request.
  Time since last request: 27.182775 seconds.
  path: Assets/Scripts/Proyectil.cs
  artifactKey: Guid(a07667d7fdc4cf242a86ff652d3a7863) Importer(815301076,1909f56bfc062723c751e8b465ee728b)
Start importing Assets/Scripts/Proyectil.cs using Guid(a07667d7fdc4cf242a86ff652d3a7863) Importer(815301076,1909f56bfc062723c751e8b465ee728b)  -> (artifact id: '6d06c7f993c47be155faacd4429ada27') in 0.002210 seconds 
========================================================================
Received Import Request.
  Time since last request: 23.770468 seconds.
  path: Assets/Scripts/Proyectil.cs
  artifactKey: Guid(a07667d7fdc4cf242a86ff652d3a7863) Importer(815301076,1909f56bfc062723c751e8b465ee728b)
Start importing Assets/Scripts/Proyectil.cs using Guid(a07667d7fdc4cf242a86ff652d3a7863) Importer(815301076,1909f56bfc062723c751e8b465ee728b)  -> (artifact id: 'd756b1d6462c9e63d347b876891ad824') in 0.002523 seconds 
========================================================================
Received Prepare
Registering precompiled user dll's ...
Registered in 0.007686 seconds.
Begin MonoManager ReloadAssembly
Symbol file LoadedFromMemory doesn't match image C:\Users\Xonathan\Arcade-Towers\Library\PackageCache\com.unity.visualscripting@1.8.0\Editor\VisualScripting.Core\Dependencies\YamlDotNet\Unity.VisualScripting.YamlDotNet.dll
Symbol file LoadedFromMemory doesn't match image C:\Users\Xonathan\Arcade-Towers\Library\PackageCache\com.unity.visualscripting@1.8.0\Editor\VisualScripting.Core\Dependencies\DotNetZip\Unity.VisualScripting.IonicZip.dll
Native extension for WindowsStandalone target not found
Refreshing native plugins compatible for Editor in 1.03 ms, found 3 plugins.
Preloading 0 native plugins for Editor in 0.00 ms.
Mono: successfully reloaded assembly
- Completed reload, in  1.160 seconds
Domain Reload Profiling:
	ReloadAssembly (1161ms)
		BeginReloadAssembly (174ms)
			ExecutionOrderSort (0ms)
			DisableScriptedObjects (7ms)
			BackupInstance (0ms)
			ReleaseScriptingObjects (0ms)
			CreateAndSetChildDomain (41ms)
		EndReloadAssembly (866ms)
			LoadAssemblies (112ms)
			RebuildTransferFunctionScriptingTraits (0ms)
			SetupTypeCache (307ms)
			ReleaseScriptCaches (1ms)
			RebuildScriptCaches (52ms)
			SetupLoadedEditorAssemblies (366ms)
				LogAssemblyErrors (0ms)
				InitializePlatformSupportModulesInManaged (7ms)
				SetLoadedEditorAssemblies (1ms)
				RefreshPlugins (1ms)
				BeforeProcessingInitializeOnLoad (80ms)
				ProcessInitializeOnLoadAttributes (241ms)
				ProcessInitializeOnLoadMethodAttributes (24ms)
				AfterProcessingInitializeOnLoad (11ms)
				EditorAssembliesLoaded (0ms)
			ExecutionOrderSort2 (0ms)
			AwakeInstancesAfterBackupRestoration (7ms)
Platform modules already initialized, skipping
Refreshing native plugins compatible for Editor in 1.96 ms, found 3 plugins.
Preloading 0 native plugins for Editor in 0.00 ms.
Unloading 3047 Unused Serialized files (Serialized files now loaded: 0)
Unloading 15 unused Assets / (22.0 KB). Loaded Objects now: 3522.
Memory consumption went from 107.4 MB to 107.4 MB.
Total: 3.010100 ms (FindLiveObjects: 0.287600 ms CreateObjectMapping: 0.093600 ms MarkObjects: 2.603800 ms  DeleteObjects: 0.024100 ms)

AssetImportParameters requested are different than current active one (requested -> active):
  custom:video-decoder-ogg-theora: a1e56fd34408186e4bbccfd4996cb3dc -> 
  custom:container-muxer-webm: aa71ff27fc2769a1b78a27578f13a17b -> 
  custom:container-demuxer-webm: 4f35f7cbe854078d1ac9338744f61a02 -> 
  custom:video-encoder-webm-vp8: eb34c28f22e8b96e1ab97ce403110664 -> 
  custom:video-codec-MediaFoundation-h265: 746d11721c4dcdbdad8f713fa42b33f4 -> 
  custom:CustomObjectIndexerAttribute: bc11b3a6c3213fcdd17b65e7da85e133 -> 
  custom:audio-encoder-webm-vorbis: bf7c407c2cedff20999df2af8eb42d56 -> 
  custom:framework-win-MediaFoundation: 216162199b28c13a410421893ffa2e32 -> 
  custom:container-demuxer-ogg: 62fdf1f143b41e24485cea50d1cbac27 -> 
  custom:video-decoder-webm-vp8: 9c59270c3fd7afecdb556c50c9e8de78 -> 
  custom:audio-decoder-ogg-vorbis: bf7c407c2cedff20999df2af8eb42d56 -> 
========================================================================
Received Import Request.
  Time since last request: 79.614763 seconds.
  path: Assets/Objets/Pisos/material-floor-rocks/source/Floor_Rocks.fbx.fbx
  artifactKey: Guid(36dc678cb16dae44bb3d8d71300a2a4f) Importer(815301076,1909f56bfc062723c751e8b465ee728b)
Start importing Assets/Objets/Pisos/material-floor-rocks/source/Floor_Rocks.fbx.fbx using Guid(36dc678cb16dae44bb3d8d71300a2a4f) Importer(815301076,1909f56bfc062723c751e8b465ee728b)  -> (artifact id: 'bc5e8ca9881bf2aaed7e55337095993f') in 0.316926 seconds 
========================================================================
Received Import Request.
  Time since last request: 0.000040 seconds.
  path: Assets/Objets/Torres/Queen Tower/Queen Tower Broken A.obj
  artifactKey: Guid(ddb47f7ae7be06849961b955dce24cc5) Importer(815301076,1909f56bfc062723c751e8b465ee728b)
Start importing Assets/Objets/Torres/Queen Tower/Queen Tower Broken A.obj using Guid(ddb47f7ae7be06849961b955dce24cc5) Importer(815301076,1909f56bfc062723c751e8b465ee728b)  -> (artifact id: '4581dc3e87126ddfa575e6761ff78645') in 0.038412 seconds 
========================================================================
Received Import Request.
  Time since last request: 0.000043 seconds.
  path: Assets/Objets/Torres/Queen Tower/Queen Tower.obj
  artifactKey: Guid(1a7e03119f5f5e343b67b55a3293414d) Importer(815301076,1909f56bfc062723c751e8b465ee728b)
Start importing Assets/Objets/Torres/Queen Tower/Queen Tower.obj using Guid(1a7e03119f5f5e343b67b55a3293414d) Importer(815301076,1909f56bfc062723c751e8b465ee728b)  -> (artifact id: '3c1afc15478f2db3d7f2637b5c9d7ac3') in 0.038498 seconds 
========================================================================
Received Import Request.
  Time since last request: 31.751796 seconds.
  path: Assets/Objets/Paredes/Reinforced Wall/ReinforcedWall.obj
  artifactKey: Guid(bb395a36cdac82c409e2976a8a467a21) Importer(815301076,1909f56bfc062723c751e8b465ee728b)
Start importing Assets/Objets/Paredes/Reinforced Wall/ReinforcedWall.obj using Guid(bb395a36cdac82c409e2976a8a467a21) Importer(815301076,1909f56bfc062723c751e8b465ee728b)  -> (artifact id: '59b6d9275f02c5904ffb72da1b02913c') in 0.035160 seconds 
========================================================================
Received Prepare
Registering precompiled user dll's ...
Registered in 0.005822 seconds.
Begin MonoManager ReloadAssembly
Symbol file LoadedFromMemory doesn't match image C:\Users\Xonathan\Arcade-Towers\Library\PackageCache\com.unity.visualscripting@1.8.0\Editor\VisualScripting.Core\Dependencies\YamlDotNet\Unity.VisualScripting.YamlDotNet.dll
Symbol file LoadedFromMemory doesn't match image C:\Users\Xonathan\Arcade-Towers\Library\PackageCache\com.unity.visualscripting@1.8.0\Editor\VisualScripting.Core\Dependencies\DotNetZip\Unity.VisualScripting.IonicZip.dll
Native extension for WindowsStandalone target not found
Refreshing native plugins compatible for Editor in 0.55 ms, found 3 plugins.
Preloading 0 native plugins for Editor in 0.00 ms.
Mono: successfully reloaded assembly
- Completed reload, in  1.110 seconds
Domain Reload Profiling:
	ReloadAssembly (1111ms)
		BeginReloadAssembly (153ms)
			ExecutionOrderSort (0ms)
			DisableScriptedObjects (5ms)
			BackupInstance (0ms)
			ReleaseScriptingObjects (0ms)
			CreateAndSetChildDomain (36ms)
		EndReloadAssembly (847ms)
			LoadAssemblies (103ms)
			RebuildTransferFunctionScriptingTraits (0ms)
			SetupTypeCache (287ms)
			ReleaseScriptCaches (1ms)
			RebuildScriptCaches (44ms)
			SetupLoadedEditorAssemblies (368ms)
				LogAssemblyErrors (0ms)
				InitializePlatformSupportModulesInManaged (6ms)
				SetLoadedEditorAssemblies (0ms)
				RefreshPlugins (1ms)
				BeforeProcessingInitializeOnLoad (75ms)
				ProcessInitializeOnLoadAttributes (245ms)
				ProcessInitializeOnLoadMethodAttributes (27ms)
				AfterProcessingInitializeOnLoad (14ms)
				EditorAssembliesLoaded (0ms)
			ExecutionOrderSort2 (0ms)
			AwakeInstancesAfterBackupRestoration (8ms)
Platform modules already initialized, skipping
Refreshing native plugins compatible for Editor in 2.60 ms, found 3 plugins.
Preloading 0 native plugins for Editor in 0.00 ms.
Unloading 3047 Unused Serialized files (Serialized files now loaded: 0)
Unloading 15 unused Assets / (22.1 KB). Loaded Objects now: 3569.
Memory consumption went from 112.2 MB to 112.2 MB.
Total: 4.070200 ms (FindLiveObjects: 0.431500 ms CreateObjectMapping: 0.082800 ms MarkObjects: 3.523300 ms  DeleteObjects: 0.030500 ms)

AssetImportParameters requested are different than current active one (requested -> active):
  custom:video-decoder-ogg-theora: a1e56fd34408186e4bbccfd4996cb3dc -> 
  custom:container-muxer-webm: aa71ff27fc2769a1b78a27578f13a17b -> 
  custom:container-demuxer-webm: 4f35f7cbe854078d1ac9338744f61a02 -> 
  custom:video-encoder-webm-vp8: eb34c28f22e8b96e1ab97ce403110664 -> 
  custom:video-codec-MediaFoundation-h265: 746d11721c4dcdbdad8f713fa42b33f4 -> 
  custom:CustomObjectIndexerAttribute: bc11b3a6c3213fcdd17b65e7da85e133 -> 
  custom:audio-encoder-webm-vorbis: bf7c407c2cedff20999df2af8eb42d56 -> 
  custom:framework-win-MediaFoundation: 216162199b28c13a410421893ffa2e32 -> 
  custom:container-demuxer-ogg: 62fdf1f143b41e24485cea50d1cbac27 -> 
  custom:video-decoder-webm-vp8: 9c59270c3fd7afecdb556c50c9e8de78 -> 
  custom:audio-decoder-ogg-vorbis: bf7c407c2cedff20999df2af8eb42d56 -> 
========================================================================
Received Import Request.
  Time since last request: 404.781698 seconds.
  path: Assets/Objets/Torres/Middle Tower/MiddleTower_S.png
  artifactKey: Guid(d9e6f39e37179a5449e3f3e91e2dfc29) Importer(815301076,1909f56bfc062723c751e8b465ee728b)
Start importing Assets/Objets/Torres/Middle Tower/MiddleTower_S.png using Guid(d9e6f39e37179a5449e3f3e91e2dfc29) Importer(815301076,1909f56bfc062723c751e8b465ee728b)  -> (artifact id: '6d7500c98c0a81732daf08d8e4d6736f') in 0.082889 seconds 
========================================================================
Received Import Request.
  Time since last request: 0.000041 seconds.
  path: Assets/Objets/Torres/Middle Tower/MiddleTower_T.png
  artifactKey: Guid(20e9f28aa2be98a458933e431d616452) Importer(815301076,1909f56bfc062723c751e8b465ee728b)
Start importing Assets/Objets/Torres/Middle Tower/MiddleTower_T.png using Guid(20e9f28aa2be98a458933e431d616452) Importer(815301076,1909f56bfc062723c751e8b465ee728b)  -> (artifact id: '62d3c5b3c0c5f496feed1d04f16ecb82') in 0.025172 seconds 
========================================================================
Received Import Request.
  Time since last request: 2.231287 seconds.
  path: Assets/Objets/Torres/Queen Tower/QJailBrickTiling_NM.png
  artifactKey: Guid(e4e6c897bab11504a8bb54fc36d80018) Importer(815301076,1909f56bfc062723c751e8b465ee728b)
Start importing Assets/Objets/Torres/Queen Tower/QJailBrickTiling_NM.png using Guid(e4e6c897bab11504a8bb54fc36d80018) Importer(815301076,1909f56bfc062723c751e8b465ee728b)  -> (artifact id: '08533f1bcbc3eecb5ed92091e7050714') in 0.020999 seconds 
========================================================================
Received Import Request.
  Time since last request: 0.000026 seconds.
  path: Assets/Objets/Torres/Queen Tower/QueenTower_Flesh_SM3.png
  artifactKey: Guid(16d22446ffba15a4a90f8965905bce1d) Importer(815301076,1909f56bfc062723c751e8b465ee728b)
Start importing Assets/Objets/Torres/Queen Tower/QueenTower_Flesh_SM3.png using Guid(16d22446ffba15a4a90f8965905bce1d) Importer(815301076,1909f56bfc062723c751e8b465ee728b)  -> (artifact id: 'b083a59a82afc5db17e875278b6b075a') in 0.017087 seconds 
========================================================================
Received Import Request.
  Time since last request: 0.000029 seconds.
  path: Assets/Objets/Torres/Queen Tower/QueenTower_Flesh_NM.png
  artifactKey: Guid(4fb22d0230ae9634eaf84b59bfe62561) Importer(815301076,1909f56bfc062723c751e8b465ee728b)
Start importing Assets/Objets/Torres/Queen Tower/QueenTower_Flesh_NM.png using Guid(4fb22d0230ae9634eaf84b59bfe62561) Importer(815301076,1909f56bfc062723c751e8b465ee728b)  -> (artifact id: '4dfe9b61e9a5248703cda25afc1ff7e3') in 0.019342 seconds 
========================================================================
Received Import Request.
  Time since last request: 0.000038 seconds.
  path: Assets/Objets/Torres/Queen Tower/QJailBrickTiling_SM2.png
  artifactKey: Guid(1e97967e3ba121341ab899dcf79835fa) Importer(815301076,1909f56bfc062723c751e8b465ee728b)
Start importing Assets/Objets/Torres/Queen Tower/QJailBrickTiling_SM2.png using Guid(1e97967e3ba121341ab899dcf79835fa) Importer(815301076,1909f56bfc062723c751e8b465ee728b)  -> (artifact id: 'ceea1ef921998c098b7ac401aac8e225') in 0.017453 seconds 
========================================================================
Received Import Request.
  Time since last request: 0.000020 seconds.
  path: Assets/Objets/Torres/Queen Tower/QueenTower_StoneA_SM2.png
  artifactKey: Guid(faec8e16ef44bfe4b9caa35270bc4ea3) Importer(815301076,1909f56bfc062723c751e8b465ee728b)
Start importing Assets/Objets/Torres/Queen Tower/QueenTower_StoneA_SM2.png using Guid(faec8e16ef44bfe4b9caa35270bc4ea3) Importer(815301076,1909f56bfc062723c751e8b465ee728b)  -> (artifact id: '4497804accc95d436a8d2647cfce7bdc') in 0.020544 seconds 
========================================================================
Received Import Request.
  Time since last request: 0.000027 seconds.
  path: Assets/Objets/Torres/Queen Tower/QueenTower_Flesh_SM.png
  artifactKey: Guid(264d890f354461e48b0fcbcd2162ff13) Importer(815301076,1909f56bfc062723c751e8b465ee728b)
Start importing Assets/Objets/Torres/Queen Tower/QueenTower_Flesh_SM.png using Guid(264d890f354461e48b0fcbcd2162ff13) Importer(815301076,1909f56bfc062723c751e8b465ee728b)  -> (artifact id: 'e67834da50ccba42ec3ff7fea5b4b96c') in 0.019862 seconds 
========================================================================
Received Import Request.
  Time since last request: 0.000025 seconds.
  path: Assets/Objets/Torres/Queen Tower/QueenTower_StoneA_NM.png
  artifactKey: Guid(efd75e09ffb824343acd512fec3df89c) Importer(815301076,1909f56bfc062723c751e8b465ee728b)
Start importing Assets/Objets/Torres/Queen Tower/QueenTower_StoneA_NM.png using Guid(efd75e09ffb824343acd512fec3df89c) Importer(815301076,1909f56bfc062723c751e8b465ee728b)  -> (artifact id: 'fd3b9b3f8d2ec66fdfbbc8e5cd16a6be') in 0.019119 seconds 
========================================================================
Received Import Request.
  Time since last request: 0.000025 seconds.
  path: Assets/Objets/Torres/Queen Tower/QueenTower_StoneB_NM.png
  artifactKey: Guid(e923d24540a8cbd439fa44026b88f69c) Importer(815301076,1909f56bfc062723c751e8b465ee728b)
Start importing Assets/Objets/Torres/Queen Tower/QueenTower_StoneB_NM.png using Guid(e923d24540a8cbd439fa44026b88f69c) Importer(815301076,1909f56bfc062723c751e8b465ee728b)  -> (artifact id: 'dc5ebad2c1a744a999e0c4e36a04d567') in 0.019316 seconds 
========================================================================
Received Import Request.
  Time since last request: 0.450723 seconds.
  path: Assets/Objets/Torres/Queen Tower/Materials/QueenTower_Flesh_DM.mat
  artifactKey: Guid(3af442ad52549dc4eac27791eecd764e) Importer(815301076,1909f56bfc062723c751e8b465ee728b)
Start importing Assets/Objets/Torres/Queen Tower/Materials/QueenTower_Flesh_DM.mat using Guid(3af442ad52549dc4eac27791eecd764e) Importer(815301076,1909f56bfc062723c751e8b465ee728b)  -> (artifact id: '85a684629cf3b658eb08bee186d8c759') in 0.060381 seconds 
========================================================================
Received Import Request.
  Time since last request: 0.000024 seconds.
  path: Assets/Objets/Torres/Queen Tower/Materials/QueenTower_StoneA_DM.mat
  artifactKey: Guid(7e6c874dafad87c49bc650049d54cc7d) Importer(815301076,1909f56bfc062723c751e8b465ee728b)
Start importing Assets/Objets/Torres/Queen Tower/Materials/QueenTower_StoneA_DM.mat using Guid(7e6c874dafad87c49bc650049d54cc7d) Importer(815301076,1909f56bfc062723c751e8b465ee728b)  -> (artifact id: 'ea615e7aa8544c4bcf015b21b435c917') in 0.010526 seconds 
========================================================================
Received Import Request.
  Time since last request: 0.000034 seconds.
  path: Assets/Objets/Torres/Queen Tower/Materials/QueenTower_StoneB_DMA.mat
  artifactKey: Guid(297f3b5a98116f749a4369b56699cf31) Importer(815301076,1909f56bfc062723c751e8b465ee728b)
Start importing Assets/Objets/Torres/Queen Tower/Materials/QueenTower_StoneB_DMA.mat using Guid(297f3b5a98116f749a4369b56699cf31) Importer(815301076,1909f56bfc062723c751e8b465ee728b)  -> (artifact id: '3aa75ad27d6a25b3290f11838a0def52') in 0.014701 seconds 
========================================================================
Received Import Request.
  Time since last request: 0.429143 seconds.
  path: Assets/Objets/Torres/Tower of Spirits/Tower of Spirits.obj
  artifactKey: Guid(abaa51b13072e4a4e82926cdd7b01e6f) Importer(815301076,1909f56bfc062723c751e8b465ee728b)
Start importing Assets/Objets/Torres/Tower of Spirits/Tower of Spirits.obj using Guid(abaa51b13072e4a4e82926cdd7b01e6f) Importer(815301076,1909f56bfc062723c751e8b465ee728b)  -> (artifact id: 'f6ccd4c6675acbcb68910d2503769a2c') in 0.064648 seconds 
Editor requested this worker to shutdown with reason: Scaling down because of idle timeout
AssetImportWorker is now disconnected from the server
Process exiting
Exiting without the bug reporter. Application will terminate with return code 0